<?xml version="1.0" encoding="UTF-8"?>
<!-- Generated by org.testng.reporters.JUnitXMLReporter -->
<testsuite hostname="LH7U05CG6504FXZ" name="Run All Tests_1" tests="1" failures="1" timestamp="28 Sep 2017 10:41:46 GMT" time="106.426" errors="0">
  <testcase name="feature" time="103.485" classname="runners.RunDemoTest">
    <failure type="cucumber.runtime.CucumberException" message="org.openqa.selenium.WebDriverException: Failed to connect to binary FirefoxBinary(C:\Program Files (x86)\Mozilla Firefox\firefox.exe) on port 7055; process output follows: 
ble&amp;quot;:true,&amp;quot;active&amp;quot;:false,&amp;quot;userDisabled&amp;quot;:true,&amp;quot;appDisabled&amp;quot;:false,&amp;quot;descriptor&amp;quot;:&amp;quot;C:\\Program Files (x86)\\Cisco Systems\\Cisco Jabber\\Plugins\\Click2XPlugin\\jabber_calls_add_on-11.5.0002-fx-windows.xpi&amp;quot;,&amp;quot;installDate&amp;quot;:1453830508000,&amp;quot;updateDate&amp;quot;:1453830508000,&amp;quot;applyBackgroundUpdates&amp;quot;:1,&amp;quot;bootstrap&amp;quot;:true,&amp;quot;skinnable&amp;quot;:false,&amp;quot;size&amp;quot;:8519,&amp;quot;sourceURI&amp;quot;:null,&amp;quot;releaseNotesURI&amp;quot;:null,&amp;quot;softDisabled&amp;quot;:false,&amp;quot;foreignInstall&amp;quot;:true,&amp;quot;hasBinaryComponents&amp;quot;:false,&amp;quot;strictCompatibility&amp;quot;:false,&amp;quot;locales&amp;quot;:[],&amp;quot;targetApplications&amp;quot;:[{&amp;quot;id&amp;quot;:&amp;quot;{ec8030f7-c20a-464f-9b0e-13a3a9e97384}&amp;quot;,&amp;quot;minVersion&amp;quot;:&amp;quot;38.0a1&amp;quot;,&amp;quot;maxVersion&amp;quot;:&amp;quot;43.0&amp;quot;}],&amp;quot;targetPlatforms&amp;quot;:[],&amp;quot;multiprocessCompatible&amp;quot;:false,&amp;quot;signedState&amp;quot;:2,&amp;quot;seen&amp;quot;:true,&amp;quot;dependencies&amp;quot;:[],&amp;quot;hasEmbeddedWebExtension&amp;quot;:false,&amp;quot;mpcOptedOut&amp;quot;:false}
1506595209539	DeferredSave.extensions.json	DEBUG	Save changes
1506595209540	addons.xpi	DEBUG	Updating database with changes to installed add-ons
1506595209540	addons.xpi-utils	DEBUG	Updating add-on states
1506595209543	addons.xpi-utils	DEBUG	Writing add-ons list
1506595209554	addons.xpi	DEBUG	Registering manifest for C:\Program Files (x86)\Mozilla Firefox\browser\features\aushelper@mozilla.org.xpi
1506595209555	addons.xpi	DEBUG	Calling bootstrap method startup on aushelper@mozilla.org version 2.0
1506595209557	addons.xpi	DEBUG	Registering manifest for C:\Program Files (x86)\Mozilla Firefox\browser\features\e10srollout@mozilla.org.xpi
1506595209558	addons.xpi	DEBUG	Calling bootstrap method startup on e10srollout@mozilla.org version 1.10
1506595209558	addons.xpi	DEBUG	Registering manifest for C:\Program Files (x86)\Mozilla Firefox\browser\features\firefox@getpocket.com.xpi
1506595209560	addons.xpi	DEBUG	Calling bootstrap method startup on firefox@getpocket.com version 1.0.5
1506595209561	addons.xpi	DEBUG	Registering manifest for C:\Program Files (x86)\Mozilla Firefox\browser\features\webcompat@mozilla.org.xpi
1506595209562	addons.xpi	DEBUG	Calling bootstrap method startup on webcompat@mozilla.org version 1.0
1506595209564	addons.manager	DEBUG	Registering shutdown blocker for XPIProvider
1506595209564	addons.manager	DEBUG	Provider finished startup: XPIProvider
1506595209564	addons.manager	DEBUG	Starting provider: LightweightThemeManager
1506595209565	addons.manager	DEBUG	Registering shutdown blocker for LightweightThemeManager
1506595209565	addons.manager	DEBUG	Provider finished startup: LightweightThemeManager
1506595209565	addons.manager	DEBUG	Starting provider: GMPProvider
1506595209581	addons.manager	DEBUG	Registering shutdown blocker for GMPProvider
1506595209582	addons.manager	DEBUG	Provider finished startup: GMPProvider
1506595209582	addons.manager	DEBUG	Starting provider: PluginProvider
1506595209582	addons.manager	DEBUG	Registering shutdown blocker for PluginProvider
1506595209582	addons.manager	DEBUG	Provider finished startup: PluginProvider
1506595209583	addons.manager	DEBUG	Completed startup sequence
1506595211114	DeferredSave.extensions.json	DEBUG	Write succeeded
1506595211114	addons.xpi-utils	DEBUG	XPI Database saved, setting schema version preference to 19
1506595211114	DeferredSave.extensions.json	DEBUG	Starting timer
1506595211137	DeferredSave.extensions.json	DEBUG	Starting write
1506595211145	addons.repository	DEBUG	No addons.json found.
1506595211145	DeferredSave.addons.json	DEBUG	Save changes
1506595211151	DeferredSave.addons.json	DEBUG	Starting timer
1506595211180	addons.manager	DEBUG	Starting provider: PreviousExperimentProvider
1506595211181	addons.manager	DEBUG	Registering shutdown blocker for PreviousExperimentProvider
1506595211181	addons.manager	DEBUG	Provider finished startup: PreviousExperimentProvider
1506595211198	DeferredSave.extensions.json	DEBUG	Write succeeded
1506595211203	DeferredSave.addons.json	DEBUG	Starting write
1506595211445	DeferredSave.addons.json	DEBUG	Write succeeded
1506595212694	addons.manager	DEBUG	Starting provider: &amp;lt;unnamed-provider&amp;gt;
1506595212694	addons.manager	DEBUG	Registering shutdown blocker for &amp;lt;unnamed-provider&amp;gt;
1506595212695	addons.manager	DEBUG	Provider finished startup: &amp;lt;unnamed-provider&amp;gt;

Build info: version: &amp;apos;2.53.0&amp;apos;, revision: &amp;apos;35ae25b1534ae328c771e0856c93e187490ca824&amp;apos;, time: &amp;apos;2016-03-15 10:43:46&amp;apos;
System info: host: &amp;apos;LH7U05CG6504FXZ&amp;apos;, ip: &amp;apos;10.198.81.156&amp;apos;, os.name: &amp;apos;Windows 7&amp;apos;, os.arch: &amp;apos;amd64&amp;apos;, os.version: &amp;apos;6.1&amp;apos;, java.version: &amp;apos;1.8.0_91&amp;apos;
Driver info: driver.version: FirefoxDriver">
      <![CDATA[cucumber.runtime.CucumberException: org.openqa.selenium.WebDriverException: Failed to connect to binary FirefoxBinary(C:\Program Files (x86)\Mozilla Firefox\firefox.exe) on port 7055; process output follows: 
ble":true,"active":false,"userDisabled":true,"appDisabled":false,"descriptor":"C:\\Program Files (x86)\\Cisco Systems\\Cisco Jabber\\Plugins\\Click2XPlugin\\jabber_calls_add_on-11.5.0002-fx-windows.xpi","installDate":1453830508000,"updateDate":1453830508000,"applyBackgroundUpdates":1,"bootstrap":true,"skinnable":false,"size":8519,"sourceURI":null,"releaseNotesURI":null,"softDisabled":false,"foreignInstall":true,"hasBinaryComponents":false,"strictCompatibility":false,"locales":[],"targetApplications":[{"id":"{ec8030f7-c20a-464f-9b0e-13a3a9e97384}","minVersion":"38.0a1","maxVersion":"43.0"}],"targetPlatforms":[],"multiprocessCompatible":false,"signedState":2,"seen":true,"dependencies":[],"hasEmbeddedWebExtension":false,"mpcOptedOut":false}
1506595209539	DeferredSave.extensions.json	DEBUG	Save changes
1506595209540	addons.xpi	DEBUG	Updating database with changes to installed add-ons
1506595209540	addons.xpi-utils	DEBUG	Updating add-on states
1506595209543	addons.xpi-utils	DEBUG	Writing add-ons list
1506595209554	addons.xpi	DEBUG	Registering manifest for C:\Program Files (x86)\Mozilla Firefox\browser\features\aushelper@mozilla.org.xpi
1506595209555	addons.xpi	DEBUG	Calling bootstrap method startup on aushelper@mozilla.org version 2.0
1506595209557	addons.xpi	DEBUG	Registering manifest for C:\Program Files (x86)\Mozilla Firefox\browser\features\e10srollout@mozilla.org.xpi
1506595209558	addons.xpi	DEBUG	Calling bootstrap method startup on e10srollout@mozilla.org version 1.10
1506595209558	addons.xpi	DEBUG	Registering manifest for C:\Program Files (x86)\Mozilla Firefox\browser\features\firefox@getpocket.com.xpi
1506595209560	addons.xpi	DEBUG	Calling bootstrap method startup on firefox@getpocket.com version 1.0.5
1506595209561	addons.xpi	DEBUG	Registering manifest for C:\Program Files (x86)\Mozilla Firefox\browser\features\webcompat@mozilla.org.xpi
1506595209562	addons.xpi	DEBUG	Calling bootstrap method startup on webcompat@mozilla.org version 1.0
1506595209564	addons.manager	DEBUG	Registering shutdown blocker for XPIProvider
1506595209564	addons.manager	DEBUG	Provider finished startup: XPIProvider
1506595209564	addons.manager	DEBUG	Starting provider: LightweightThemeManager
1506595209565	addons.manager	DEBUG	Registering shutdown blocker for LightweightThemeManager
1506595209565	addons.manager	DEBUG	Provider finished startup: LightweightThemeManager
1506595209565	addons.manager	DEBUG	Starting provider: GMPProvider
1506595209581	addons.manager	DEBUG	Registering shutdown blocker for GMPProvider
1506595209582	addons.manager	DEBUG	Provider finished startup: GMPProvider
1506595209582	addons.manager	DEBUG	Starting provider: PluginProvider
1506595209582	addons.manager	DEBUG	Registering shutdown blocker for PluginProvider
1506595209582	addons.manager	DEBUG	Provider finished startup: PluginProvider
1506595209583	addons.manager	DEBUG	Completed startup sequence
1506595211114	DeferredSave.extensions.json	DEBUG	Write succeeded
1506595211114	addons.xpi-utils	DEBUG	XPI Database saved, setting schema version preference to 19
1506595211114	DeferredSave.extensions.json	DEBUG	Starting timer
1506595211137	DeferredSave.extensions.json	DEBUG	Starting write
1506595211145	addons.repository	DEBUG	No addons.json found.
1506595211145	DeferredSave.addons.json	DEBUG	Save changes
1506595211151	DeferredSave.addons.json	DEBUG	Starting timer
1506595211180	addons.manager	DEBUG	Starting provider: PreviousExperimentProvider
1506595211181	addons.manager	DEBUG	Registering shutdown blocker for PreviousExperimentProvider
1506595211181	addons.manager	DEBUG	Provider finished startup: PreviousExperimentProvider
1506595211198	DeferredSave.extensions.json	DEBUG	Write succeeded
1506595211203	DeferredSave.addons.json	DEBUG	Starting write
1506595211445	DeferredSave.addons.json	DEBUG	Write succeeded
1506595212694	addons.manager	DEBUG	Starting provider: <unnamed-provider>
1506595212694	addons.manager	DEBUG	Registering shutdown blocker for <unnamed-provider>
1506595212695	addons.manager	DEBUG	Provider finished startup: <unnamed-provider>

Build info: version: '2.53.0', revision: '35ae25b1534ae328c771e0856c93e187490ca824', time: '2016-03-15 10:43:46'
System info: host: 'LH7U05CG6504FXZ', ip: '10.198.81.156', os.name: 'Windows 7', os.arch: 'amd64', os.version: '6.1', java.version: '1.8.0_91'
Driver info: driver.version: FirefoxDriver
	at cucumber.api.testng.TestNGCucumberRunner.runCucumber(TestNGCucumberRunner.java:69)
	at cucumber.api.testng.AbstractTestNGCucumberTests.feature(AbstractTestNGCucumberTests.java:21)
Caused by: org.openqa.selenium.WebDriverException: Failed to connect to binary FirefoxBinary(C:\Program Files (x86)\Mozilla Firefox\firefox.exe) on port 7055; process output follows: 
ble":true,"active":false,"userDisabled":true,"appDisabled":false,"descriptor":"C:\\Program Files (x86)\\Cisco Systems\\Cisco Jabber\\Plugins\\Click2XPlugin\\jabber_calls_add_on-11.5.0002-fx-windows.xpi","installDate":1453830508000,"updateDate":1453830508000,"applyBackgroundUpdates":1,"bootstrap":true,"skinnable":false,"size":8519,"sourceURI":null,"releaseNotesURI":null,"softDisabled":false,"foreignInstall":true,"hasBinaryComponents":false,"strictCompatibility":false,"locales":[],"targetApplications":[{"id":"{ec8030f7-c20a-464f-9b0e-13a3a9e97384}","minVersion":"38.0a1","maxVersion":"43.0"}],"targetPlatforms":[],"multiprocessCompatible":false,"signedState":2,"seen":true,"dependencies":[],"hasEmbeddedWebExtension":false,"mpcOptedOut":false}
1506595209539	DeferredSave.extensions.json	DEBUG	Save changes
1506595209540	addons.xpi	DEBUG	Updating database with changes to installed add-ons
1506595209540	addons.xpi-utils	DEBUG	Updating add-on states
1506595209543	addons.xpi-utils	DEBUG	Writing add-ons list
1506595209554	addons.xpi	DEBUG	Registering manifest for C:\Program Files (x86)\Mozilla Firefox\browser\features\aushelper@mozilla.org.xpi
1506595209555	addons.xpi	DEBUG	Calling bootstrap method startup on aushelper@mozilla.org version 2.0
1506595209557	addons.xpi	DEBUG	Registering manifest for C:\Program Files (x86)\Mozilla Firefox\browser\features\e10srollout@mozilla.org.xpi
1506595209558	addons.xpi	DEBUG	Calling bootstrap method startup on e10srollout@mozilla.org version 1.10
1506595209558	addons.xpi	DEBUG	Registering manifest for C:\Program Files (x86)\Mozilla Firefox\browser\features\firefox@getpocket.com.xpi
1506595209560	addons.xpi	DEBUG	Calling bootstrap method startup on firefox@getpocket.com version 1.0.5
1506595209561	addons.xpi	DEBUG	Registering manifest for C:\Program Files (x86)\Mozilla Firefox\browser\features\webcompat@mozilla.org.xpi
1506595209562	addons.xpi	DEBUG	Calling bootstrap method startup on webcompat@mozilla.org version 1.0
1506595209564	addons.manager	DEBUG	Registering shutdown blocker for XPIProvider
1506595209564	addons.manager	DEBUG	Provider finished startup: XPIProvider
1506595209564	addons.manager	DEBUG	Starting provider: LightweightThemeManager
1506595209565	addons.manager	DEBUG	Registering shutdown blocker for LightweightThemeManager
1506595209565	addons.manager	DEBUG	Provider finished startup: LightweightThemeManager
1506595209565	addons.manager	DEBUG	Starting provider: GMPProvider
1506595209581	addons.manager	DEBUG	Registering shutdown blocker for GMPProvider
1506595209582	addons.manager	DEBUG	Provider finished startup: GMPProvider
1506595209582	addons.manager	DEBUG	Starting provider: PluginProvider
1506595209582	addons.manager	DEBUG	Registering shutdown blocker for PluginProvider
1506595209582	addons.manager	DEBUG	Provider finished startup: PluginProvider
1506595209583	addons.manager	DEBUG	Completed startup sequence
1506595211114	DeferredSave.extensions.json	DEBUG	Write succeeded
1506595211114	addons.xpi-utils	DEBUG	XPI Database saved, setting schema version preference to 19
1506595211114	DeferredSave.extensions.json	DEBUG	Starting timer
1506595211137	DeferredSave.extensions.json	DEBUG	Starting write
1506595211145	addons.repository	DEBUG	No addons.json found.
1506595211145	DeferredSave.addons.json	DEBUG	Save changes
1506595211151	DeferredSave.addons.json	DEBUG	Starting timer
1506595211180	addons.manager	DEBUG	Starting provider: PreviousExperimentProvider
1506595211181	addons.manager	DEBUG	Registering shutdown blocker for PreviousExperimentProvider
1506595211181	addons.manager	DEBUG	Provider finished startup: PreviousExperimentProvider
1506595211198	DeferredSave.extensions.json	DEBUG	Write succeeded
1506595211203	DeferredSave.addons.json	DEBUG	Starting write
1506595211445	DeferredSave.addons.json	DEBUG	Write succeeded
1506595212694	addons.manager	DEBUG	Starting provider: <unnamed-provider>
1506595212694	addons.manager	DEBUG	Registering shutdown blocker for <unnamed-provider>
1506595212695	addons.manager	DEBUG	Provider finished startup: <unnamed-provider>

Build info: version: '2.53.0', revision: '35ae25b1534ae328c771e0856c93e187490ca824', time: '2016-03-15 10:43:46'
System info: host: 'LH7U05CG6504FXZ', ip: '10.198.81.156', os.name: 'Windows 7', os.arch: 'amd64', os.version: '6.1', java.version: '1.8.0_91'
Driver info: driver.version: FirefoxDriver
	at org.openqa.selenium.firefox.internal.NewProfileExtensionConnection.start(NewProfileExtensionConnection.java:125)
	at org.openqa.selenium.firefox.FirefoxDriver.startClient(FirefoxDriver.java:271)
	at org.openqa.selenium.remote.RemoteWebDriver.<init>(RemoteWebDriver.java:119)
	at org.openqa.selenium.firefox.FirefoxDriver.<init>(FirefoxDriver.java:216)
	at org.openqa.selenium.firefox.FirefoxDriver.<init>(FirefoxDriver.java:211)
	at org.openqa.selenium.firefox.FirefoxDriver.<init>(FirefoxDriver.java:207)
	at org.openqa.selenium.firefox.FirefoxDriver.<init>(FirefoxDriver.java:120)
	at pageHelpers.PageObjectBase.createAndGetDeviceDriver(PageObjectBase.java:105)
	at stepDefinitions.Hooks.intializeDriver(Hooks.java:28)
	at cucumber.runtime.Utils$1.call(Utils.java:37)
	at cucumber.runtime.Timeout.timeout(Timeout.java:13)
	at cucumber.runtime.Utils.invoke(Utils.java:31)
	at cucumber.runtime.java.JavaHookDefinition.execute(JavaHookDefinition.java:60)
	at cucumber.runtime.Runtime.runHookIfTagsMatch(Runtime.java:223)
	at cucumber.runtime.Runtime.runHooks(Runtime.java:211)
	at cucumber.runtime.Runtime.runBeforeHooks(Runtime.java:201)
	at cucumber.runtime.model.CucumberScenario.run(CucumberScenario.java:40)
	at cucumber.runtime.model.CucumberFeature.run(CucumberFeature.java:165)
	at cucumber.api.testng.TestNGCucumberRunner.runCucumber(TestNGCucumberRunner.java:63)
	... 25 more
Caused by: org.openqa.selenium.firefox.NotConnectedException: Unable to connect to host 127.0.0.1 on port 7055 after 45000 ms. Firefox console output:
ble":true,"active":false,"userDisabled":true,"appDisabled":false,"descriptor":"C:\\Program Files (x86)\\Cisco Systems\\Cisco Jabber\\Plugins\\Click2XPlugin\\jabber_calls_add_on-11.5.0002-fx-windows.xpi","installDate":1453830508000,"updateDate":1453830508000,"applyBackgroundUpdates":1,"bootstrap":true,"skinnable":false,"size":8519,"sourceURI":null,"releaseNotesURI":null,"softDisabled":false,"foreignInstall":true,"hasBinaryComponents":false,"strictCompatibility":false,"locales":[],"targetApplications":[{"id":"{ec8030f7-c20a-464f-9b0e-13a3a9e97384}","minVersion":"38.0a1","maxVersion":"43.0"}],"targetPlatforms":[],"multiprocessCompatible":false,"signedState":2,"seen":true,"dependencies":[],"hasEmbeddedWebExtension":false,"mpcOptedOut":false}
1506595209539	DeferredSave.extensions.json	DEBUG	Save changes
1506595209540	addons.xpi	DEBUG	Updating database with changes to installed add-ons
1506595209540	addons.xpi-utils	DEBUG	Updating add-on states
1506595209543	addons.xpi-utils	DEBUG	Writing add-ons list
1506595209554	addons.xpi	DEBUG	Registering manifest for C:\Program Files (x86)\Mozilla Firefox\browser\features\aushelper@mozilla.org.xpi
1506595209555	addons.xpi	DEBUG	Calling bootstrap method startup on aushelper@mozilla.org version 2.0
1506595209557	addons.xpi	DEBUG	Registering manifest for C:\Program Files (x86)\Mozilla Firefox\browser\features\e10srollout@mozilla.org.xpi
1506595209558	addons.xpi	DEBUG	Calling bootstrap method startup on e10srollout@mozilla.org version 1.10
1506595209558	addons.xpi	DEBUG	Registering manifest for C:\Program Files (x86)\Mozilla Firefox\browser\features\firefox@getpocket.com.xpi
1506595209560	addons.xpi	DEBUG	Calling bootstrap method startup on firefox@getpocket.com version 1.0.5
1506595209561	addons.xpi	DEBUG	Registering manifest for C:\Program Files (x86)\Mozilla Firefox\browser\features\webcompat@mozilla.org.xpi
1506595209562	addons.xpi	DEBUG	Calling bootstrap method startup on webcompat@mozilla.org version 1.0
1506595209564	addons.manager	DEBUG	Registering shutdown blocker for XPIProvider
1506595209564	addons.manager	DEBUG	Provider finished startup: XPIProvider
1506595209564	addons.manager	DEBUG	Starting provider: LightweightThemeManager
1506595209565	addons.manager	DEBUG	Registering shutdown blocker for LightweightThemeManager
1506595209565	addons.manager	DEBUG	Provider finished startup: LightweightThemeManager
1506595209565	addons.manager	DEBUG	Starting provider: GMPProvider
1506595209581	addons.manager	DEBUG	Registering shutdown blocker for GMPProvider
1506595209582	addons.manager	DEBUG	Provider finished startup: GMPProvider
1506595209582	addons.manager	DEBUG	Starting provider: PluginProvider
1506595209582	addons.manager	DEBUG	Registering shutdown blocker for PluginProvider
1506595209582	addons.manager	DEBUG	Provider finished startup: PluginProvider
1506595209583	addons.manager	DEBUG	Completed startup sequence
1506595211114	DeferredSave.extensions.json	DEBUG	Write succeeded
1506595211114	addons.xpi-utils	DEBUG	XPI Database saved, setting schema version preference to 19
1506595211114	DeferredSave.extensions.json	DEBUG	Starting timer
1506595211137	DeferredSave.extensions.json	DEBUG	Starting write
1506595211145	addons.repository	DEBUG	No addons.json found.
1506595211145	DeferredSave.addons.json	DEBUG	Save changes
1506595211151	DeferredSave.addons.json	DEBUG	Starting timer
1506595211180	addons.manager	DEBUG	Starting provider: PreviousExperimentProvider
1506595211181	addons.manager	DEBUG	Registering shutdown blocker for PreviousExperimentProvider
1506595211181	addons.manager	DEBUG	Provider finished startup: PreviousExperimentProvider
1506595211198	DeferredSave.extensions.json	DEBUG	Write succeeded
1506595211203	DeferredSave.addons.json	DEBUG	Starting write
1506595211445	DeferredSave.addons.json	DEBUG	Write succeeded
1506595212694	addons.manager	DEBUG	Starting provider: <unnamed-provider>
1506595212694	addons.manager	DEBUG	Registering shutdown blocker for <unnamed-provider>
1506595212695	addons.manager	DEBUG	Provider finished startup: <unnamed-provider>

	at org.openqa.selenium.firefox.internal.NewProfileExtensionConnection.start(NewProfileExtensionConnection.java:113)
	... 47 more
... Removed 28 stack frames]]>
    </failure>
  </testcase> <!-- feature -->
</testsuite> <!-- Run All Tests_1 -->
