<?xml version="1.0" encoding="UTF-8"?>
<!-- Generated by org.testng.reporters.JUnitXMLReporter -->
<testsuite hostname="VE7D00008846" name="Veirify Demo Site Features" tests="1" failures="1" timestamp="19 Dec 2018 17:24:06 GMT" time="926.951" errors="0">
  <testcase name="feature" time="795.815" classname="com.atdd.demo.runners.RunDemoTest">
    <failure type="cucumber.runtime.CucumberException" message="com.hp.lft.sdk.GeneralReplayException: Unspecified error
">
      <![CDATA[cucumber.runtime.CucumberException: com.hp.lft.sdk.GeneralReplayException: Unspecified error

	at cucumber.api.testng.TestNGCucumberRunner.runCucumber(TestNGCucumberRunner.java:69)
	at cucumber.api.testng.AbstractTestNGCucumberTests.feature(AbstractTestNGCucumberTests.java:21)
Caused by: com.hp.lft.sdk.GeneralReplayException: Unspecified error

	at com.hp.lft.sdk.internal.ReplayExceptionFactory$11.create(ReplayExceptionFactory.java:94)
	at com.hp.lft.sdk.internal.ReplayExceptionFactory.createOrDefault(ReplayExceptionFactory.java:192)
	at com.hp.lft.sdk.internal.ReplayExceptionFactory.createOrDefault(ReplayExceptionFactory.java:21)
	at com.hp.lft.sdk.internal.TestObjectExecuterBehaviorBase$ReplayErrorHandler.onError(TestObjectExecuterBehaviorBase.java:65)
	at com.hp.lft.sdk.internal.CommunicationClientImpl.handleError(CommunicationClientImpl.java:226)
	at com.hp.lft.sdk.internal.CommunicationClientImpl.send(CommunicationClientImpl.java:100)
	at com.hp.lft.sdk.internal.TestObjectExecuterBehavior.executeMethod(TestObjectExecuter.java:33)
	at com.hp.lft.sdk.internal.TestObjectBase.executeMethod(TestObjectBase.java:119)
	at com.hp.lft.sdk.internal.te.TeScreen.access$500(TeScreen.java:9)
	at com.hp.lft.sdk.internal.te.TeScreen$6.invoke(TeScreen.java:78)
	at com.hp.lft.sdk.internal.TestObjectOperationWrapper.executeWithEvents(TestObjectOperationWrapper.java:81)
	at com.hp.lft.sdk.internal.TestObjectOperationWrapper.executeWithEvents(TestObjectOperationWrapper.java:102)
	at com.hp.lft.sdk.internal.te.TeScreen.sendTEKeys(TeScreen.java:81)
	at com.optumrx.autofusion.core.te.util.Mainframe_GlobalFunctionLib.sendText(Mainframe_GlobalFunctionLib.java:154)
	at com.atdd.demo.te.stepdefinitions.helper.CommonStepDefinition.validate_PA_Number_and_TB_fields(CommonStepDefinition.java:569)
	at ✽.And Validate PA Number and TB fields "<PANumber>","<TBOverride>","<TBPriorDrugSts>","<TBRejectReason1>","<TBRejectReason2>","<TBRejectReason3>","<TBPlanEdit>","<TBPassPreQualifCheck>"(features/RxClaim/featureFiles/SN003419/SN003419_TC_01.feature:25)
... Removed 24 stack frames]]>
    </failure>
  </testcase> <!-- feature -->
</testsuite> <!-- Veirify Demo Site Features -->
