<?xml version="1.0" encoding="UTF-8"?>
<!-- Generated by org.testng.reporters.JUnitXMLReporter -->
<testsuite hostname="LH7U05CG7350JSR" name="Veirify Demo Site Features" tests="1" failures="1" timestamp="26 Nov 2018 06:29:43 GMT" time="107.337" errors="0">
  <testcase name="feature" time="52.907" classname="com.atdd.demo.runners.RunDemoTest">
    <failure type="cucumber.runtime.CucumberException" message="com.hp.lft.sdk.ReplayObjectNotFoundException: Cannot identify the object &amp;quot;Terminal Emulators Field&amp;quot;.
Verify that this object&amp;apos;s properties match an object currently displayed in your application.">
      <![CDATA[cucumber.runtime.CucumberException: com.hp.lft.sdk.ReplayObjectNotFoundException: Cannot identify the object "Terminal Emulators Field".
Verify that this object's properties match an object currently displayed in your application.
	at cucumber.api.testng.TestNGCucumberRunner.runCucumber(TestNGCucumberRunner.java:69)
	at cucumber.api.testng.AbstractTestNGCucumberTests.feature(AbstractTestNGCucumberTests.java:21)
Caused by: com.hp.lft.sdk.ReplayObjectNotFoundException: Cannot identify the object "Terminal Emulators Field".
Verify that this object's properties match an object currently displayed in your application.
	at com.hp.lft.sdk.internal.ReplayExceptionFactory$1.create(ReplayExceptionFactory.java:34)
	at com.hp.lft.sdk.internal.ReplayExceptionFactory.createOrDefault(ReplayExceptionFactory.java:192)
	at com.hp.lft.sdk.internal.ReplayExceptionFactory.createOrDefault(ReplayExceptionFactory.java:21)
	at com.hp.lft.sdk.internal.TestObjectExecuterBehaviorBase$ReplayErrorHandler.onError(TestObjectExecuterBehaviorBase.java:65)
	at com.hp.lft.sdk.internal.CommunicationClientImpl.handleError(CommunicationClientImpl.java:226)
	at com.hp.lft.sdk.internal.CommunicationClientImpl.send(CommunicationClientImpl.java:100)
	at com.hp.lft.sdk.internal.TestObjectExecuterBehavior.executeMethod(TestObjectExecuter.java:42)
	at com.hp.lft.sdk.internal.TestObjectBase.executeMethod(TestObjectBase.java:123)
	at com.hp.lft.sdk.internal.TestObjectBase.getRealObjectProperty(TestObjectBase.java:128)
	at com.hp.lft.sdk.internal.te.TeField.access$000(TeField.java:9)
	at com.hp.lft.sdk.internal.te.TeField$1.invoke(TeField.java:21)
	at com.hp.lft.sdk.internal.te.TeField$1.invoke(TeField.java:18)
	at com.hp.lft.sdk.internal.TestObjectOperationWrapper.executeWithEvents(TestObjectOperationWrapper.java:120)
	at com.hp.lft.sdk.internal.te.TeField.getText(TeField.java:24)
	at com.optumrx.autofusion.core.te.util.Mainframe_GlobalFunctionLib.getText(Mainframe_GlobalFunctionLib.java:275)
	at com.atdd.demo.te.stepdefinitons.SR42066.i_verify_submitted_Standard_Extract_Job_status(SR42066.java:45)
	at âœ½.And I verify submitted Standard Extract Job status "ws", "EXTRACTJOB"(features/RxClaim/featureFiles/SN003425_SR42066/SR42066_TC01.feature:25)
... Removed 24 stack frames]]>
    </failure>
  </testcase> <!-- feature -->
</testsuite> <!-- Veirify Demo Site Features -->
