<?xml version="1.0" encoding="UTF-8"?>
<!-- Generated by org.testng.reporters.JUnitXMLReporter -->
<testsuite hostname="LH7U05CG7425K95" name="Veirify Demo Site Features" tests="1" failures="1" timestamp="27 Mar 2019 07:42:51 GMT" time="350.523" errors="0">
  <testcase name="feature" time="295.73" classname="com.atdd.demo.runners.RunDemoTest">
    <failure type="cucumber.runtime.CucumberException" message="java.lang.AssertionError: The Plan with NDC List is not set successfully.Screenshot is captured">
      <![CDATA[cucumber.runtime.CucumberException: java.lang.AssertionError: The Plan with NDC List is not set successfully.Screenshot is captured
	at cucumber.api.testng.TestNGCucumberRunner.runCucumber(TestNGCucumberRunner.java:69)
	at cucumber.api.testng.AbstractTestNGCucumberTests.feature(AbstractTestNGCucumberTests.java:21)
Caused by: java.lang.AssertionError: The Plan with NDC List is not set successfully.Screenshot is captured
	at com.atdd.te.screenHelpers.FunctionalLibrary.PlanWithNDCList(FunctionalLibrary.java:1067)
	at com.atdd.demo.te.stepdefinitions.helper.CommonStepDefinition.i_Setup_Plan_with_NDC_List(CommonStepDefinition.java:381)
	at ✽.When I Setup Plan with NDC List "GPITEST1","SN1396","10","010118","123139"(features/RxClaim/featureFiles/AgileTeams/Plan invincible 6/F278714/F278714_NDC_GPI.feature:6)
... Removed 25 stack frames]]>
    </failure>
  </testcase> <!-- feature -->
</testsuite> <!-- Veirify Demo Site Features -->
