<?xml version="1.0" encoding="UTF-8"?>
<!-- Generated by org.testng.reporters.JUnitXMLReporter -->
<testsuite hostname="LH7U05CG636322G" name="Veirify Demo Site Features" tests="1" failures="1" timestamp="10 Oct 2018 13:48:40 GMT" time="988.644" errors="0">
  <testcase name="feature" time="889.829" classname="com.atdd.demo.runners.RunDemoTest">
    <failure type="cucumber.runtime.CucumberException" message="java.lang.AssertionError: Data is not inserted expected [1 rows inserted in RCRCMP in TCL8403FIL.] but found [ToValidatethateachlineshouldaccept40ch&amp;apos;, &amp;apos; &amp;apos;, &amp;apos;TESTSTRNG3&amp;apos;)]">
      <![CDATA[cucumber.runtime.CucumberException: java.lang.AssertionError: Data is not inserted expected [1 rows inserted in RCRCMP in TCL8403FIL.] but found [ToValidatethateachlineshouldaccept40ch', ' ', 'TESTSTRNG3')]
	at cucumber.api.testng.TestNGCucumberRunner.runCucumber(TestNGCucumberRunner.java:69)
	at cucumber.api.testng.AbstractTestNGCucumberTests.feature(AbstractTestNGCucumberTests.java:21)
Caused by: java.lang.AssertionError: Data is not inserted expected [1 rows inserted in RCRCMP in TCL8403FIL.] but found [ToValidatethateachlineshouldaccept40ch', ' ', 'TESTSTRNG3')]
	at com.atdd.demo.te.stepdefinitons.RejectAndPaidClaimMessagesValidation.i_add_messages_to_Reject_claim(RejectAndPaidClaimMessagesValidation.java:115)
	at ✽.When I add messages to Reject claim "8403","RCRCMP","TCL","100","10"(features/RxClaim/SWATHI/SN003292/SN003292_TC04.feature:38)
... Removed 28 stack frames]]>
    </failure>
  </testcase> <!-- feature -->
</testsuite> <!-- Veirify Demo Site Features -->
