<?xml version="1.0" encoding="UTF-8"?>
<!-- Generated by org.testng.reporters.JUnitXMLReporter -->
<testsuite hostname="VE7D00008846" name="Veirify Demo Site Features" tests="1" failures="1" timestamp="20 Sep 2018 22:58:03 GMT" time="288.812" errors="0">
  <testcase name="feature" time="215.703" classname="com.atdd.demo.runners.RunDemoTest">
    <failure type="cucumber.runtime.CucumberException" message="java.lang.AssertionError: The text Date Thru cannot be more than one day less than Date From. does not match on the screen.Screenshot captured.">
      <![CDATA[cucumber.runtime.CucumberException: java.lang.AssertionError: The text Date Thru cannot be more than one day less than Date From. does not match on the screen.Screenshot captured.
	at cucumber.api.testng.TestNGCucumberRunner.runCucumber(TestNGCucumberRunner.java:69)
	at cucumber.api.testng.AbstractTestNGCucumberTests.feature(AbstractTestNGCucumberTests.java:21)
Caused by: java.lang.AssertionError: The text Date Thru cannot be more than one day less than Date From. does not match on the screen.Screenshot captured.
	at com.optumrx.autofusion.core.te.util.Mainframe_GlobalFunctionLib.validateText(Mainframe_GlobalFunctionLib.java:231)
	at com.atdd.te.screenHelpers.FunctionalLibrary.validateText(FunctionalLibrary.java:1901)
	at com.atdd.demo.te.stepdefinitons.SR_41709.verify_Thru_Date_New_error_message_on_Plan_Biosimilar_Product_List_Create_Record_Detail_screen(SR_41709.java:935)
	at ✽.Then Verify Thru Date New error message on Plan Biosimilar Product List Create Record Detail screen  "10199","Date Thru cannot be more than one day less than Date From."(features/RxClaim/featureFiles/SR41709/SR41709_TC01-TC130.feature:691)
... Removed 25 stack frames]]>
    </failure>
  </testcase> <!-- feature -->
</testsuite> <!-- Veirify Demo Site Features -->
