<?xml version="1.0" encoding="UTF-8"?>
<!-- Generated by org.testng.reporters.JUnitXMLReporter -->
<testsuite hostname="VE7D00008846" name="Veirify Demo Site Features" tests="1" failures="1" timestamp="21 Dec 2018 12:05:37 GMT" time="273.322" errors="0">
  <testcase name="feature" time="212.352" classname="com.atdd.demo.runners.RunDemoTest">
    <failure type="cucumber.runtime.CucumberException" message="java.lang.AssertionError: The text R does not match on the screen.Screenshot captured.">
      <![CDATA[cucumber.runtime.CucumberException: java.lang.AssertionError: The text R does not match on the screen.Screenshot captured.
	at cucumber.api.testng.TestNGCucumberRunner.runCucumber(TestNGCucumberRunner.java:69)
	at cucumber.api.testng.AbstractTestNGCucumberTests.feature(AbstractTestNGCucumberTests.java:21)
Caused by: java.lang.AssertionError: The text R does not match on the screen.Screenshot captured.
	at com.optumrx.autofusion.core.te.util.Mainframe_GlobalFunctionLib.validateText(Mainframe_GlobalFunctionLib.java:231)
	at com.atdd.te.screenHelpers.FunctionalLibrary.validateText(FunctionalLibrary.java:1981)
	at com.atdd.demo.te.stepdefinitons.CreateorSubmitTransaction.validate_Claim_Status_is(CreateorSubmitTransaction.java:20)
	at ✽.Then Validate Claim Status is "R"(features/RxClaim/featureFiles/SN003419/SN003419_TC_01_64.feature:24)
... Removed 25 stack frames]]>
    </failure>
  </testcase> <!-- feature -->
</testsuite> <!-- Veirify Demo Site Features -->
