<?xml version="1.0" encoding="UTF-8"?>
<!-- Generated by org.testng.reporters.JUnitXMLReporter -->
<testsuite hostname="VE7D00008846" name="Veirify Demo Site Features" tests="1" failures="1" timestamp="2 Jan 2019 14:44:02 GMT" time="138.151" errors="0">
  <testcase name="feature" time="63.327" classname="com.atdd.demo.runners.RunDemoTest">
    <failure type="cucumber.runtime.CucumberException" message="java.lang.AssertionError: The text is not fetched from screen position 1,13.Screenshot captured.">
      <![CDATA[cucumber.runtime.CucumberException: java.lang.AssertionError: The text is not fetched from screen position 1,13.Screenshot captured.
	at cucumber.api.testng.TestNGCucumberRunner.runCucumber(TestNGCucumberRunner.java:69)
	at cucumber.api.testng.AbstractTestNGCucumberTests.feature(AbstractTestNGCucumberTests.java:21)
Caused by: java.lang.AssertionError: The text is not fetched from screen position 1,13.Screenshot captured.
	at com.atdd.te.screenHelpers.FunctionalLibrary.getText(FunctionalLibrary.java:2026)
	at com.atdd.demo.te.stepdefinitions.helper.CommonStepDefinition.i_am_on_RxClaim_PlanAdministrator_Menu(CommonStepDefinition.java:38)
	at ✽.Given I am on RxClaim PlanAdministrator Menu(features/RxClaim/featureFiles/SN003419/SN003419_TC_01_64.feature:7)
... Removed 25 stack frames]]>
    </failure>
  </testcase> <!-- feature -->
</testsuite> <!-- Veirify Demo Site Features -->
