<?xml version="1.0" encoding="UTF-8"?>
<!-- Generated by org.testng.reporters.JUnitXMLReporter -->
<testsuite hostname="LH7U05CG636322G" name="Veirify Demo Site Features" tests="1" failures="1" timestamp="8 Oct 2018 14:20:21 GMT" time="313.249" errors="0">
  <testcase name="feature" time="220.56" classname="com.atdd.demo.runners.RunDemoTest">
    <failure type="cucumber.runtime.CucumberException" message="java.lang.AssertionError: The text is not entered.Screenshot captured">
      <![CDATA[cucumber.runtime.CucumberException: java.lang.AssertionError: The text is not entered.Screenshot captured
	at cucumber.api.testng.TestNGCucumberRunner.runCucumber(TestNGCucumberRunner.java:69)
	at cucumber.api.testng.AbstractTestNGCucumberTests.feature(AbstractTestNGCucumberTests.java:21)
Caused by: java.lang.AssertionError: The text is not entered.Screenshot captured
	at com.atdd.te.screenHelpers.FunctionalLibrary.enterText(FunctionalLibrary.java:944)
	at com.atdd.demo.te.stepdefinitons.ClaimStatusAndMessage.i_add_messages_to_Paid_claim(ClaimStatusAndMessage.java:127)
	at ✽.When I add messages to Paid claim "8403","RCPDMP","TCL","20","1"(features/RxClaim/SWATHI/SN003292/SN003292_TC02.feature:36)
... Removed 25 stack frames]]>
    </failure>
  </testcase> <!-- feature -->
</testsuite> <!-- Veirify Demo Site Features -->
