<?xml version="1.0" encoding="UTF-8"?>
<!-- Generated by org.testng.reporters.JUnitXMLReporter -->
<testsuite hostname="LH7U05CG6504FXZ" name="Veirify on Firefox" tests="1" failures="1" timestamp="4 Jan 2018 08:40:00 GMT" time="51.499" errors="0">
  <testcase name="feature" time="39.775" classname="com.atdd.demo.runners.RunDemoTestonCloud">
    <failure type="cucumber.runtime.CucumberException" message="org.openqa.selenium.NoSuchSessionException: Session ID is null. Using WebDriver after calling quit()?
Build info: version: &amp;apos;3.4.0&amp;apos;, revision: &amp;apos;unknown&amp;apos;, time: &amp;apos;unknown&amp;apos;
System info: host: &amp;apos;LH7U05CG6504FXZ&amp;apos;, ip: &amp;apos;10.198.82.82&amp;apos;, os.name: &amp;apos;Windows 7&amp;apos;, os.arch: &amp;apos;amd64&amp;apos;, os.version: &amp;apos;6.1&amp;apos;, java.version: &amp;apos;1.8.0_91&amp;apos;
Driver info: driver.version: RemoteWebDriver">
      <![CDATA[cucumber.runtime.CucumberException: org.openqa.selenium.NoSuchSessionException: Session ID is null. Using WebDriver after calling quit()?
Build info: version: '3.4.0', revision: 'unknown', time: 'unknown'
System info: host: 'LH7U05CG6504FXZ', ip: '10.198.82.82', os.name: 'Windows 7', os.arch: 'amd64', os.version: '6.1', java.version: '1.8.0_91'
Driver info: driver.version: RemoteWebDriver
	at cucumber.api.testng.TestNGCucumberRunner.runCucumber(TestNGCucumberRunner.java:69)
	at cucumber.api.testng.AbstractTestNGCucumberTests.feature(AbstractTestNGCucumberTests.java:21)
	at java.util.concurrent.FutureTask.run(FutureTask.java:266)
	at java.util.concurrent.ThreadPoolExecutor.runWorker(ThreadPoolExecutor.java:1142)
	at java.util.concurrent.ThreadPoolExecutor$Worker.run(ThreadPoolExecutor.java:617)
	at java.lang.Thread.run(Thread.java:745)
Caused by: org.openqa.selenium.NoSuchSessionException: Session ID is null. Using WebDriver after calling quit()?
Build info: version: '3.4.0', revision: 'unknown', time: 'unknown'
System info: host: 'LH7U05CG6504FXZ', ip: '10.198.82.82', os.name: 'Windows 7', os.arch: 'amd64', os.version: '6.1', java.version: '1.8.0_91'
Driver info: driver.version: RemoteWebDriver
	at org.openqa.selenium.remote.HttpCommandExecutor.execute(HttpCommandExecutor.java:131)
	at org.openqa.selenium.remote.RemoteWebDriver.execute(RemoteWebDriver.java:637)
	at org.openqa.selenium.remote.RemoteWebDriver.findElement(RemoteWebDriver.java:410)
	at org.openqa.selenium.remote.RemoteWebDriver.findElementByLinkText(RemoteWebDriver.java:461)
	at org.openqa.selenium.By$ByLinkText.findElement(By.java:246)
	at org.openqa.selenium.remote.RemoteWebDriver.findElement(RemoteWebDriver.java:402)
	at org.openqa.selenium.support.pagefactory.DefaultElementLocator.findElement(DefaultElementLocator.java:69)
	at org.openqa.selenium.support.pagefactory.internal.LocatingElementHandler.invoke(LocatingElementHandler.java:38)
	at com.sun.proxy.$Proxy21.getWrappedElement(Unknown Source)
	at org.openqa.selenium.remote.internal.WebElementToJsonConverter.apply(WebElementToJsonConverter.java:50)
	at com.google.common.collect.Iterators$7.transform(Iterators.java:750)
	at com.google.common.collect.TransformedIterator.next(TransformedIterator.java:47)
	at com.google.common.collect.Iterators.addAll(Iterators.java:367)
	at com.google.common.collect.Lists.newArrayList(Lists.java:165)
	at com.google.common.collect.Lists.newArrayList(Lists.java:150)
	at org.openqa.selenium.remote.RemoteWebDriver.executeScript(RemoteWebDriver.java:571)
	at com.optumrx.autofusion.core.ui.controller.SeleniumCommonMethods.setStyle(SeleniumCommonMethods.java:472)
	at com.optumrx.autofusion.core.ui.controller.SeleniumCommonMethods.highlighter(SeleniumCommonMethods.java:458)
	at com.atdd.demo.ui.pageobjects.DemoQA.verifyRegistrationButtonExists(DemoQA.java:81)
	at com.atdd.demo.ui.stepdefinitons.DemoQASteps.the_button_is_displayed(DemoQASteps.java:78)
	at ✽.And the "Registration" button is displayed(features/web/WebsiteLogin/US1234_Login.feature:21)
... Removed 16 stack frames]]>
    </failure>
  </testcase> <!-- feature -->
</testsuite> <!-- Veirify on Firefox -->
