<?xml version="1.0" encoding="UTF-8"?>
<testng-results skipped="0" failed="0" total="1" passed="1">
  <reporter-output>
  </reporter-output>
  <suite name="Testng Cucumber Suite" duration-ms="139020" started-at="2018-08-21T16:18:31Z" finished-at="2018-08-21T16:20:50Z">
    <groups>
      <group name="cucumber">
        <method signature="AbstractTestNGCucumberTests.feature(cucumber.api.testng.CucumberFeatureWrapper)[pri:0, instance:com.atdd.demo.runners.RunDemoTest@b3ca52e]" name="feature" class="cucumber.api.testng.AbstractTestNGCucumberTests"/>
      </group> <!-- cucumber -->
    </groups>
    <test name="Veirify Demo Site Features" duration-ms="139020" started-at="2018-08-21T16:18:31Z" finished-at="2018-08-21T16:20:50Z">
      <class name="com.atdd.demo.runners.RunDemoTest">
        <test-method status="PASS" signature="setUpClass()[pri:0, instance:com.atdd.demo.runners.RunDemoTest@b3ca52e]" name="setUpClass" is-config="true" duration-ms="765" started-at="2018-08-21T21:48:31Z" finished-at="2018-08-21T21:48:32Z">
          <reporter-output>
          </reporter-output>
        </test-method> <!-- setUpClass -->
        <test-method status="PASS" signature="setup(java.lang.String, java.lang.String)[pri:0, instance:com.atdd.demo.runners.RunDemoTest@b3ca52e]" name="setup" is-config="true" duration-ms="75954" started-at="2018-08-21T21:48:32Z" finished-at="2018-08-21T21:49:48Z">
          <params>
            <param index="0">
              <value>
                <![CDATA[src/test/resources/te/config_sxcd1.properties]]>
              </value>
            </param>
            <param index="1">
              <value>
                <![CDATA[Always]]>
              </value>
            </param>
          </params>
          <reporter-output>
          </reporter-output>
        </test-method> <!-- setup -->
        <test-method status="PASS" signature="feature(cucumber.api.testng.CucumberFeatureWrapper)[pri:0, instance:com.atdd.demo.runners.RunDemoTest@b3ca52e]" name="feature" duration-ms="60241" started-at="2018-08-21T21:49:48Z" description="Runs Cucumber Feature" data-provider="features" finished-at="2018-08-21T21:50:48Z">
          <params>
            <param index="0">
              <value>
                <![CDATA[Create New Plan with NDC List]]>
              </value>
            </param>
          </params>
          <reporter-output>
          </reporter-output>
        </test-method> <!-- feature -->
        <test-method status="PASS" signature="teardown()[pri:0, instance:com.atdd.demo.runners.RunDemoTest@b3ca52e]" name="teardown" is-config="true" duration-ms="421" started-at="2018-08-21T21:50:48Z" finished-at="2018-08-21T21:50:49Z">
          <reporter-output>
          </reporter-output>
        </test-method> <!-- teardown -->
        <test-method status="PASS" signature="tearDownClass()[pri:0, instance:com.atdd.demo.runners.RunDemoTest@b3ca52e]" name="tearDownClass" is-config="true" duration-ms="1342" started-at="2018-08-21T21:50:49Z" finished-at="2018-08-21T21:50:50Z">
          <reporter-output>
          </reporter-output>
        </test-method> <!-- tearDownClass -->
        <test-method status="PASS" signature="parser()[pri:0, instance:com.atdd.demo.runners.RunDemoTest@b3ca52e]" name="parser" is-config="true" duration-ms="13230" started-at="2018-08-21T21:50:50Z" finished-at="2018-08-21T21:51:03Z">
          <reporter-output>
          </reporter-output>
        </test-method> <!-- parser -->
      </class> <!-- com.atdd.demo.runners.RunDemoTest -->
    </test> <!-- Veirify Demo Site Features -->
  </suite> <!-- Testng Cucumber Suite -->
</testng-results>
